Job 241527 submitted successfully.
Running PDF_N + rbf_logrbf_ln=36.0 in mode=all, grid=log_lin
Job 241528 submitted successfully.
Running PDF_N + rbf_logrbf_ln=32.0 in mode=all, grid=log_lin
Job 241529 submitted successfully.
Running PDF_N + rbf_logrbf_ln=45.0 in mode=all, grid=log_lin
Job 241530 submitted successfully.
Running PDF_N + rbf_logrbf_ln=37.0 in mode=all, grid=log_lin
Job 241531 submitted successfully.
Running PDF_N + rbf_logrbf_ln=33.0 in mode=all, grid=log_lin
Job 241532 submitted successfully.
Running PDF_N + rbf_logrbf_ln=38.0 in mode=all, grid=log_lin
SLURM script PDF_N_rbf_logrbf_ln=37.0(all+log_lin)/job_script.slurm deleted.
Job 241533 submitted successfully.
Running PDF_N + rbf_logrbf_ln=41.0 in mode=all, grid=log_lin
Job 241534 submitted successfully.
Running PDF_N + rbf_logrbf_ln=39.0 in mode=all, grid=log_lin
SLURM script PDF_N_rbf_logrbf_ln=38.0(all+log_lin)/job_script.slurm deleted.
Job 241535 submitted successfully.
Running PDF_N + rbf_logrbf_ln=31.0 in mode=all, grid=log_lin
Job 241536 submitted successfully.
Running PDF_N + rbf_logrbf_ln=44.0 in mode=all, grid=log_lin
SLURM script PDF_N_rbf_logrbf_ln=39.0(all+log_lin)/job_script.slurm deleted.
Job 241537 submitted successfully.
Running PDF_N + rbf_logrbf_ln=49.0 in mode=all, grid=log_lin
Job 241538 submitted successfully.
Running PDF_N + rbf_logrbf_ln=34.0 in mode=all, grid=log_lin
Job 241539 submitted successfully.
Running PDF_N + rbf_logrbf_ln=48.0 in mode=all, grid=log_lin
Job 241540 submitted successfully.
Running PDF_N + rbf_logrbf_ln=37.0 in mode=kernel, grid=log_lin
SLURM script PDF_N_rbf_logrbf_ln=37.0(kernel+log_lin)/job_script.slurm deleted.
SLURM script PDF_N_rbf_logrbf_ln=33.0(all+log_lin)/job_script.slurm deleted.
SLURM script PDF_N_rbf_logrbf_ln=48.0(all+log_lin)/job_script.slurm deleted.
SLURM script PDF_N_rbf_logrbf_ln=45.0(all+log_lin)/job_script.slurm deleted.
SLURM script PDF_N_rbf_logrbf_ln=41.0(all+log_lin)/job_script.slurm deleted.
Job 241541 submitted successfully.
Running PDF_N + rbf_logrbf_ln=39.0 in mode=kernel, grid=log_lin
Job 241542 submitted successfully.
Running PDF_N + rbf_logrbf_ln=35.0 in mode=all, grid=log_lin
SLURM script PDF_N_rbf_logrbf_ln=39.0(kernel+log_lin)/job_script.slurm deleted.
Job 241543 submitted successfully.
Running PDF_N + rbf_logrbf_ln=43.0 in mode=all, grid=log_lin
SLURM script PDF_N_rbf_logrbf_ln=35.0(all+log_lin)/job_script.slurm deleted.
SLURM script PDF_N_rbf_logrbf_ln=43.0(all+log_lin)/job_script.slurm deleted.
Job 241544 submitted successfully.
Running PDF_N + rbf_logrbf_ln=48.0 in mode=kernel, grid=log_lin
SLURM script PDF_N_rbf_logrbf_ln=48.0(kernel+log_lin)/job_script.slurm deleted.
Job 241545 submitted successfully.
Running PDF_N + rbf_logrbf_ln=45.0 in mode=kernel, grid=log_lin
SLURM script PDF_N_rbf_logrbf_ln=45.0(kernel+log_lin)/job_script.slurm deleted.
SLURM script PDF_N_rbf_logrbf_ln=36.0(all+log_lin)/job_script.slurm deleted.
SLURM script PDF_N_rbf_logrbf_ln=32.0(all+log_lin)/job_script.slurm deleted.
Job 241546 submitted successfully.
Running PDF_N + rbf_logrbf_ln=39.0 in mode=mean, grid=log_lin
SLURM script PDF_N_rbf_logrbf_ln=39.0(mean+log_lin)/job_script.slurm deleted.
Job 241547 submitted successfully.
Running PDF_N + rbf_logrbf_ln=43.0 in mode=kernel, grid=log_lin
SLURM script PDF_N_rbf_logrbf_ln=43.0(kernel+log_lin)/job_script.slurm deleted.
Job 241548 submitted successfully.
Running PDF_N + rbf_logrbf_ln=45.0 in mode=mean, grid=log_lin
SLURM script PDF_N_rbf_logrbf_ln=45.0(mean+log_lin)/job_script.slurm deleted.
Job 241549 submitted successfully.
Running PDF_N + rbf_logrbf_ln=35.0 in mode=kernel, grid=log_lin
Job 241550 submitted successfully.
Running PDF_N + rbf_logrbf_ln=42.0 in mode=all, grid=log_lin
Job 241551 submitted successfully.
Running PDF_N + rbf_logrbf_ln=37.0 in mode=mean, grid=log_lin
SLURM script PDF_N_rbf_logrbf_ln=35.0(kernel+log_lin)/job_script.slurm deleted.
SLURM script PDF_N_rbf_logrbf_ln=42.0(all+log_lin)/job_script.slurm deleted.
SLURM script PDF_N_rbf_logrbf_ln=37.0(mean+log_lin)/job_script.slurm deleted.
Job 241552 submitted successfully.
Running PDF_N + rbf_logrbf_ln=32.0 in mode=kernel, grid=log_lin
SLURM script PDF_N_rbf_logrbf_ln=32.0(kernel+log_lin)/job_script.slurm deleted.
Job 241553 submitted successfully.
Running g_flat + rbf_logrbf_ln=39.0 in mode=all, grid=log_lin
SLURM script g_flat_rbf_logrbf_ln=39.0(all+log_lin)/job_script.slurm deleted.
Job 241554 submitted successfully.
Running PDF_N + rbf_logrbf_ln=43.0 in mode=mean, grid=log_lin
SLURM script PDF_N_rbf_logrbf_ln=43.0(mean+log_lin)/job_script.slurm deleted.
Job 241555 submitted successfully.
Running PDF_N + rbf_logrbf_ln=35.0 in mode=mean, grid=log_lin
Job 241556 submitted successfully.
Running g_flat + rbf_logrbf_ln=37.0 in mode=all, grid=log_lin
SLURM script PDF_N_rbf_logrbf_ln=35.0(mean+log_lin)/job_script.slurm deleted.
SLURM script g_flat_rbf_logrbf_ln=37.0(all+log_lin)/job_script.slurm deleted.
Job 241557 submitted successfully.
Running PDF_N + rbf_logrbf_ln=32.0 in mode=mean, grid=log_lin
SLURM script PDF_N_rbf_logrbf_ln=32.0(mean+log_lin)/job_script.slurm deleted.
Job 241558 submitted successfully.
Running g_flat + rbf_logrbf_ln=39.0 in mode=kernel, grid=log_lin
SLURM script g_flat_rbf_logrbf_ln=39.0(kernel+log_lin)/job_script.slurm deleted.
Job 241559 submitted successfully.
Running g_flat + rbf_logrbf_ln=35.0 in mode=all, grid=log_lin
SLURM script g_flat_rbf_logrbf_ln=35.0(all+log_lin)/job_script.slurm deleted.
Job 241560 submitted successfully.
Running g_flat + rbf_logrbf_ln=32.0 in mode=all, grid=log_lin
SLURM script g_flat_rbf_logrbf_ln=32.0(all+log_lin)/job_script.slurm deleted.
Job 241561 submitted successfully.
Running g_flat + rbf_logrbf_ln=39.0 in mode=mean, grid=log_lin
SLURM script g_flat_rbf_logrbf_ln=39.0(mean+log_lin)/job_script.slurm deleted.
Job 241562 submitted successfully.
Running g_flat + rbf_logrbf_ln=35.0 in mode=kernel, grid=log_lin
SLURM script g_flat_rbf_logrbf_ln=35.0(kernel+log_lin)/job_script.slurm deleted.
Job 241563 submitted successfully.
Running g_flat + rbf_logrbf_ln=35.0 in mode=mean, grid=log_lin
SLURM script g_flat_rbf_logrbf_ln=35.0(mean+log_lin)/job_script.slurm deleted.
SLURM script PDF_N_rbf_logrbf_ln=49.0(all+log_lin)/job_script.slurm deleted.
SLURM script PDF_N_rbf_logrbf_ln=34.0(all+log_lin)/job_script.slurm deleted.
Job 241564 submitted successfully.
Running PDF_N + rbf_logrbf_ln=38.0 in mode=kernel, grid=log_lin
Job 241565 submitted successfully.
Running g_flat + rbf_logrbf_ln=37.0 in mode=kernel, grid=log_lin
Job 241566 submitted successfully.
Running PDF_N + rbf_logrbf_ln=47.0 in mode=all, grid=log_lin
SLURM script PDF_N_rbf_logrbf_ln=38.0(kernel+log_lin)/job_script.slurm deleted.
Job 241567 submitted successfully.
Running PDF_N + rbf_logrbf_ln=36.0 in mode=kernel, grid=log_lin
SLURM script g_flat_rbf_logrbf_ln=37.0(kernel+log_lin)/job_script.slurm deleted.
Job 241568 submitted successfully.
Running PDF_N + rbf_logrbf_ln=41.0 in mode=kernel, grid=log_lin
SLURM script PDF_N_rbf_logrbf_ln=47.0(all+log_lin)/job_script.slurm deleted.
Job 241569 submitted successfully.
Running PDF_N + rbf_logrbf_ln=42.0 in mode=kernel, grid=log_lin
SLURM script PDF_N_rbf_logrbf_ln=36.0(kernel+log_lin)/job_script.slurm deleted.
SLURM script PDF_N_rbf_logrbf_ln=41.0(kernel+log_lin)/job_script.slurm deleted.
SLURM script PDF_N_rbf_logrbf_ln=42.0(kernel+log_lin)/job_script.slurm deleted.
Job 241570 submitted successfully.
Running PDF_N + rbf_logrbf_ln=34.0 in mode=kernel, grid=log_lin
Job 241571 submitted successfully.
Running PDF_N + rbf_logrbf_ln=49.0 in mode=kernel, grid=log_lin
SLURM script PDF_N_rbf_logrbf_ln=34.0(kernel+log_lin)/job_script.slurm deleted.
SLURM script PDF_N_rbf_logrbf_ln=49.0(kernel+log_lin)/job_script.slurm deleted.
Job 241572 submitted successfully.
Running g_flat + rbf_logrbf_ln=37.0 in mode=mean, grid=log_lin
Job 241573 submitted successfully.
Running PDF_N + rbf_logrbf_ln=47.0 in mode=kernel, grid=log_lin
Job 241574 submitted successfully.
Running PDF_N + rbf_logrbf_ln=42.0 in mode=mean, grid=log_lin
SLURM script g_flat_rbf_logrbf_ln=37.0(mean+log_lin)/job_script.slurm deleted.
Job 241575 submitted successfully.
Running PDF_N + rbf_logrbf_ln=41.0 in mode=mean, grid=log_lin
SLURM script PDF_N_rbf_logrbf_ln=47.0(kernel+log_lin)/job_script.slurm deleted.
Job 241576 submitted successfully.
Running PDF_N + rbf_logrbf_ln=36.0 in mode=mean, grid=log_lin
SLURM script PDF_N_rbf_logrbf_ln=42.0(mean+log_lin)/job_script.slurm deleted.
SLURM script PDF_N_rbf_logrbf_ln=41.0(mean+log_lin)/job_script.slurm deleted.
SLURM script PDF_N_rbf_logrbf_ln=36.0(mean+log_lin)/job_script.slurm deleted.
Job 241577 submitted successfully.
Running PDF_N + rbf_logrbf_ln=49.0 in mode=mean, grid=log_lin
SLURM script PDF_N_rbf_logrbf_ln=49.0(mean+log_lin)/job_script.slurm deleted.
Job 241578 submitted successfully.
Running PDF_N + rbf_logrbf_ln=47.0 in mode=mean, grid=log_lin
Job 241579 submitted successfully.
Running g_flat + rbf_logrbf_ln=41.0 in mode=all, grid=log_lin
Job 241580 submitted successfully.
Running g_flat + rbf_logrbf_ln=42.0 in mode=all, grid=log_lin
SLURM script PDF_N_rbf_logrbf_ln=47.0(mean+log_lin)/job_script.slurm deleted.
Job 241581 submitted successfully.
Running g_flat + rbf_logrbf_ln=36.0 in mode=all, grid=log_lin
SLURM script g_flat_rbf_logrbf_ln=41.0(all+log_lin)/job_script.slurm deleted.
SLURM script g_flat_rbf_logrbf_ln=42.0(all+log_lin)/job_script.slurm deleted.
SLURM script g_flat_rbf_logrbf_ln=36.0(all+log_lin)/job_script.slurm deleted.
Job 241582 submitted successfully.
Running g_flat + rbf_logrbf_ln=47.0 in mode=all, grid=log_lin
Job 241583 submitted successfully.
Running g_flat + rbf_logrbf_ln=41.0 in mode=kernel, grid=log_lin
Job 241584 submitted successfully.
Running g_flat + rbf_logrbf_ln=42.0 in mode=kernel, grid=log_lin
SLURM script g_flat_rbf_logrbf_ln=47.0(all+log_lin)/job_script.slurm deleted.
SLURM script g_flat_rbf_logrbf_ln=41.0(kernel+log_lin)/job_script.slurm deleted.
Job 241585 submitted successfully.
Running g_flat + rbf_logrbf_ln=36.0 in mode=kernel, grid=log_lin
SLURM script g_flat_rbf_logrbf_ln=42.0(kernel+log_lin)/job_script.slurm deleted.
SLURM script g_flat_rbf_logrbf_ln=36.0(kernel+log_lin)/job_script.slurm deleted.
Job 241586 submitted successfully.
Running g_flat + rbf_logrbf_ln=42.0 in mode=mean, grid=log_lin
Job 241587 submitted successfully.
Running g_flat + rbf_logrbf_ln=47.0 in mode=kernel, grid=log_lin
SLURM script g_flat_rbf_logrbf_ln=42.0(mean+log_lin)/job_script.slurm deleted.
SLURM script g_flat_rbf_logrbf_ln=47.0(kernel+log_lin)/job_script.slurm deleted.
Job 241588 submitted successfully.
Running g_flat + rbf_logrbf_ln=36.0 in mode=mean, grid=log_lin
SLURM script g_flat_rbf_logrbf_ln=36.0(mean+log_lin)/job_script.slurm deleted.
Job 241589 submitted successfully.
Running g_flat + rbf_logrbf_ln=47.0 in mode=mean, grid=log_lin
SLURM script PDF_N_rbf_logrbf_ln=44.0(all+log_lin)/job_script.slurm deleted.
SLURM script PDF_N_rbf_logrbf_ln=31.0(all+log_lin)/job_script.slurm deleted.
SLURM script g_flat_rbf_logrbf_ln=47.0(mean+log_lin)/job_script.slurm deleted.
Job 241590 submitted successfully.
Running g_flat + rbf_logrbf_ln=41.0 in mode=mean, grid=log_lin
Job 241591 submitted successfully.
Running PDF_N + rbf_logrbf_ln=46.0 in mode=all, grid=log_lin
Job 241592 submitted successfully.
Running g_flat + rbf_logrbf_ln=49.0 in mode=all, grid=log_lin
SLURM script g_flat_rbf_logrbf_ln=41.0(mean+log_lin)/job_script.slurm deleted.
Job 241593 submitted successfully.
Running PDF_N + rbf_logrbf_ln=34.0 in mode=mean, grid=log_lin
SLURM script PDF_N_rbf_logrbf_ln=46.0(all+log_lin)/job_script.slurm deleted.
Job 241594 submitted successfully.
Running PDF_N + rbf_logrbf_ln=48.0 in mode=mean, grid=log_lin
SLURM script g_flat_rbf_logrbf_ln=49.0(all+log_lin)/job_script.slurm deleted.
Job 241595 submitted successfully.
Running g_flat + rbf_logrbf_ln=45.0 in mode=all, grid=log_lin
SLURM script PDF_N_rbf_logrbf_ln=34.0(mean+log_lin)/job_script.slurm deleted.
SLURM script PDF_N_rbf_logrbf_ln=48.0(mean+log_lin)/job_script.slurm deleted.
Job 241596 submitted successfully.
Running PDF_N + rbf_logrbf_ln=33.0 in mode=kernel, grid=log_lin
Job 241597 submitted successfully.
Running g_flat + rbf_logrbf_ln=32.0 in mode=kernel, grid=log_lin
SLURM script g_flat_rbf_logrbf_ln=45.0(all+log_lin)/job_script.slurm deleted.
Job 241598 submitted successfully.
Running PDF_N + rbf_logrbf_ln=40.0 in mode=all, grid=log_lin
SLURM script PDF_N_rbf_logrbf_ln=33.0(kernel+log_lin)/job_script.slurm deleted.
SLURM script g_flat_rbf_logrbf_ln=32.0(kernel+log_lin)/job_script.slurm deleted.
Job 241599 submitted successfully.
Running PDF_N + rbf_logrbf_ln=38.0 in mode=mean, grid=log_lin
SLURM script PDF_N_rbf_logrbf_ln=40.0(all+log_lin)/job_script.slurm deleted.
Job 241600 submitted successfully.
Running g_flat + rbf_logrbf_ln=43.0 in mode=all, grid=log_lin
Job 241601 submitted successfully.
Running PDF_N + rbf_logrbf_ln=44.0 in mode=kernel, grid=log_lin
SLURM script PDF_N_rbf_logrbf_ln=38.0(mean+log_lin)/job_script.slurm deleted.
Job 241602 submitted successfully.
Running PDF_N + rbf_logrbf_ln=31.0 in mode=kernel, grid=log_lin
SLURM script g_flat_rbf_logrbf_ln=43.0(all+log_lin)/job_script.slurm deleted.
SLURM script PDF_N_rbf_logrbf_ln=44.0(kernel+log_lin)/job_script.slurm deleted.
SLURM script PDF_N_rbf_logrbf_ln=31.0(kernel+log_lin)/job_script.slurm deleted.
Job 241603 submitted successfully.
Running PDF_N + rbf_logrbf_ln=46.0 in mode=kernel, grid=log_lin
Job 241604 submitted successfully.
Running g_flat + rbf_logrbf_ln=49.0 in mode=kernel, grid=log_lin
Job 241605 submitted successfully.
Running g_flat + rbf_logrbf_ln=34.0 in mode=all, grid=log_lin
SLURM script PDF_N_rbf_logrbf_ln=46.0(kernel+log_lin)/job_script.slurm deleted.
SLURM script g_flat_rbf_logrbf_ln=49.0(kernel+log_lin)/job_script.slurm deleted.
Job 241606 submitted successfully.
Running g_flat + rbf_logrbf_ln=48.0 in mode=all, grid=log_lin
Job 241607 submitted successfully.
Running g_flat + rbf_logrbf_ln=45.0 in mode=kernel, grid=log_lin
SLURM script g_flat_rbf_logrbf_ln=34.0(all+log_lin)/job_script.slurm deleted.
SLURM script g_flat_rbf_logrbf_ln=48.0(all+log_lin)/job_script.slurm deleted.
Job 241608 submitted successfully.
Running g_flat + rbf_logrbf_ln=32.0 in mode=mean, grid=log_lin
SLURM script g_flat_rbf_logrbf_ln=45.0(kernel+log_lin)/job_script.slurm deleted.
SLURM script g_flat_rbf_logrbf_ln=32.0(mean+log_lin)/job_script.slurm deleted.
Job 241609 submitted successfully.
Running PDF_N + rbf_logrbf_ln=31.0 in mode=mean, grid=log_lin
SLURM script PDF_N_rbf_logrbf_ln=31.0(mean+log_lin)/job_script.slurm deleted.
Job 241610 submitted successfully.
Running PDF_N + rbf_logrbf_ln=44.0 in mode=mean, grid=log_lin
Job 241611 submitted successfully.
Running g_flat + rbf_logrbf_ln=43.0 in mode=kernel, grid=log_lin
Job 241612 submitted successfully.
Running g_flat + rbf_logrbf_ln=38.0 in mode=all, grid=log_lin
SLURM script PDF_N_rbf_logrbf_ln=44.0(mean+log_lin)/job_script.slurm deleted.
Job 241613 submitted successfully.
Running PDF_N + rbf_logrbf_ln=40.0 in mode=kernel, grid=log_lin
SLURM script g_flat_rbf_logrbf_ln=43.0(kernel+log_lin)/job_script.slurm deleted.
Job 241614 submitted successfully.
Running PDF_N + rbf_logrbf_ln=33.0 in mode=mean, grid=log_lin
Job 241615 submitted successfully.
Running PDF_N + rbf_logrbf_ln=46.0 in mode=mean, grid=log_lin
SLURM script g_flat_rbf_logrbf_ln=38.0(all+log_lin)/job_script.slurm deleted.
SLURM script PDF_N_rbf_logrbf_ln=40.0(kernel+log_lin)/job_script.slurm deleted.
Job 241616 submitted successfully.
Running g_flat + rbf_logrbf_ln=45.0 in mode=mean, grid=log_lin
SLURM script PDF_N_rbf_logrbf_ln=33.0(mean+log_lin)/job_script.slurm deleted.
SLURM script PDF_N_rbf_logrbf_ln=46.0(mean+log_lin)/job_script.slurm deleted.
Job 241617 submitted successfully.
Running g_flat + rbf_logrbf_ln=49.0 in mode=mean, grid=log_lin
Job 241618 submitted successfully.
Running g_flat + rbf_logrbf_ln=48.0 in mode=kernel, grid=log_lin
SLURM script g_flat_rbf_logrbf_ln=45.0(mean+log_lin)/job_script.slurm deleted.
Job 241619 submitted successfully.
Running g_flat + rbf_logrbf_ln=34.0 in mode=kernel, grid=log_lin
SLURM script g_flat_rbf_logrbf_ln=49.0(mean+log_lin)/job_script.slurm deleted.
SLURM script g_flat_rbf_logrbf_ln=48.0(kernel+log_lin)/job_script.slurm deleted.
SLURM script g_flat_rbf_logrbf_ln=34.0(kernel+log_lin)/job_script.slurm deleted.
Job 241620 submitted successfully.
Running g_flat + rbf_logrbf_ln=31.0 in mode=all, grid=log_lin
SLURM script g_flat_rbf_logrbf_ln=31.0(all+log_lin)/job_script.slurm deleted.
Job 241621 submitted successfully.
Running g_flat + rbf_logrbf_ln=44.0 in mode=all, grid=log_lin
Job 241622 submitted successfully.
Running g_flat + rbf_logrbf_ln=43.0 in mode=mean, grid=log_lin
SLURM script g_flat_rbf_logrbf_ln=44.0(all+log_lin)/job_script.slurm deleted.
Job 241623 submitted successfully.
Running g_flat + rbf_logrbf_ln=46.0 in mode=all, grid=log_lin
SLURM script g_flat_rbf_logrbf_ln=43.0(mean+log_lin)/job_script.slurm deleted.
Job 241624 submitted successfully.
Running PDF_N + rbf_logrbf_ln=40.0 in mode=mean, grid=log_lin
Job 241625 submitted successfully.
Running g_flat + rbf_logrbf_ln=38.0 in mode=kernel, grid=log_lin
SLURM script g_flat_rbf_logrbf_ln=46.0(all+log_lin)/job_script.slurm deleted.
Job 241626 submitted successfully.
Running g_flat + rbf_logrbf_ln=33.0 in mode=all, grid=log_lin
SLURM script PDF_N_rbf_logrbf_ln=40.0(mean+log_lin)/job_script.slurm deleted.
Job 241627 submitted successfully.
Running g_flat + rbf_logrbf_ln=48.0 in mode=mean, grid=log_lin
SLURM script g_flat_rbf_logrbf_ln=38.0(kernel+log_lin)/job_script.slurm deleted.
SLURM script g_flat_rbf_logrbf_ln=33.0(all+log_lin)/job_script.slurm deleted.
Job 241628 submitted successfully.
Running g_flat + rbf_logrbf_ln=34.0 in mode=mean, grid=log_lin
SLURM script g_flat_rbf_logrbf_ln=48.0(mean+log_lin)/job_script.slurm deleted.
SLURM script g_flat_rbf_logrbf_ln=34.0(mean+log_lin)/job_script.slurm deleted.
Job 241629 submitted successfully.
Running g_flat + rbf_logrbf_ln=31.0 in mode=kernel, grid=log_lin
SLURM script g_flat_rbf_logrbf_ln=31.0(kernel+log_lin)/job_script.slurm deleted.
Job 241630 submitted successfully.
Running g_flat + rbf_logrbf_ln=44.0 in mode=kernel, grid=log_lin
SLURM script g_flat_rbf_logrbf_ln=44.0(kernel+log_lin)/job_script.slurm deleted.
Job 241631 submitted successfully.
Running g_flat + rbf_logrbf_ln=46.0 in mode=kernel, grid=log_lin
Job 241632 submitted successfully.
Running g_flat + rbf_logrbf_ln=40.0 in mode=all, grid=log_lin
SLURM script g_flat_rbf_logrbf_ln=46.0(kernel+log_lin)/job_script.slurm deleted.
Job 241633 submitted successfully.
Running g_flat + rbf_logrbf_ln=38.0 in mode=mean, grid=log_lin
Job 241634 submitted successfully.
Running g_flat + rbf_logrbf_ln=33.0 in mode=kernel, grid=log_lin
SLURM script g_flat_rbf_logrbf_ln=38.0(mean+log_lin)/job_script.slurm deleted.
SLURM script g_flat_rbf_logrbf_ln=40.0(all+log_lin)/job_script.slurm deleted.
SLURM script g_flat_rbf_logrbf_ln=33.0(kernel+log_lin)/job_script.slurm deleted.
Job 241635 submitted successfully.
Running g_flat + rbf_logrbf_ln=31.0 in mode=mean, grid=log_lin
SLURM script g_flat_rbf_logrbf_ln=31.0(mean+log_lin)/job_script.slurm deleted.
Job 241636 submitted successfully.
Running g_flat + rbf_logrbf_ln=44.0 in mode=mean, grid=log_lin
Job 241637 submitted successfully.
Running g_flat + rbf_logrbf_ln=46.0 in mode=mean, grid=log_lin
SLURM script g_flat_rbf_logrbf_ln=44.0(mean+log_lin)/job_script.slurm deleted.
SLURM script g_flat_rbf_logrbf_ln=46.0(mean+log_lin)/job_script.slurm deleted.
Job 241638 submitted successfully.
Running g_flat + rbf_logrbf_ln=33.0 in mode=mean, grid=log_lin
Job 241639 submitted successfully.
Running g_flat + rbf_logrbf_ln=40.0 in mode=kernel, grid=log_lin
SLURM script g_flat_rbf_logrbf_ln=33.0(mean+log_lin)/job_script.slurm deleted.
SLURM script g_flat_rbf_logrbf_ln=40.0(kernel+log_lin)/job_script.slurm deleted.
Job 241640 submitted successfully.
Running g_flat + rbf_logrbf_ln=40.0 in mode=mean, grid=log_lin
SLURM script g_flat_rbf_logrbf_ln=40.0(mean+log_lin)/job_script.slurm deleted.
